This file contains any messages produced by compilers while
running configure, to aid debugging if configure makes a mistake.

It was created by zookeeper C client configure 3.4.6, which was
generated by GNU Autoconf 2.68.  Invocation command line was

  $ ./configure --prefix=/usr/local/zookeeper

## --------- ##
## Platform. ##
## --------- ##

hostname = freedom
uname -m = x86_64
uname -r = 3.8.0-34-generic
uname -s = Linux
uname -v = #49~precise1-Ubuntu SMP Wed Nov 13 18:05:00 UTC 2013

/usr/bin/uname -p = unknown
/bin/uname -X     = unknown

/bin/arch              = unknown
/usr/bin/arch -k       = unknown
/usr/convex/getsysinfo = unknown
/usr/bin/hostinfo      = unknown
/bin/machine           = unknown
/usr/bin/oslevel       = unknown
/bin/universe          = unknown

PATH: /home/pramod/installers/go/bin
PATH: /home/pramod/installers/jdk1.6.0_45/bin
PATH: /home/pramod/bin
PATH: /home/pramod/installers/apache-maven-3.1.1/bin
PATH: /home/pramod/installers/apache-ant-1.9.4/bin
PATH: /home/pramod/bin
PATH: /home/pramod/installers/go/bin
PATH: /home/pramod/installers/jdk1.6.0_45/bin
PATH: /home/pramod/bin
PATH: /home/pramod/installers/apache-maven-3.1.1/bin
PATH: /home/pramod/installers/apache-ant-1.9.4/bin
PATH: /usr/local/sbin
PATH: /usr/local/bin
PATH: /usr/sbin
PATH: /usr/bin
PATH: /sbin
PATH: /bin
PATH: /usr/games
PATH: /home/pramod/ucsd-workspace/gopath//bin
PATH: /home/pramod/ucsd-workspace/gopath//bin


## ----------- ##
## Core tests. ##
## ----------- ##

configure:2567: checking for doxygen
configure:2600: result: no
configure:2673: checking for perl
configure:2691: found /usr/bin/perl
configure:2703: result: /usr/bin/perl
configure:2845: checking for dot
configure:2863: found /usr/bin/dot
configure:2875: result: /usr/bin/dot
configure:4432: checking for a BSD-compatible install
configure:4500: result: /usr/bin/install -c
configure:4511: checking whether build environment is sane
configure:4561: result: yes
configure:4702: checking for a thread-safe mkdir -p
configure:4741: result: /bin/mkdir -p
configure:4754: checking for gawk
configure:4770: found /usr/bin/gawk
configure:4781: result: gawk
configure:4792: checking whether make sets $(MAKE)
configure:4814: result: yes
configure:4944: checking for cppunit-config
configure:4962: found /usr/bin/cppunit-config
configure:4975: result: /usr/bin/cppunit-config
configure:4985: checking for Cppunit - version >= 1.10.2
configure:5031: result: 1.12.1
configure:5057: checking for generated/zookeeper.jute.c
configure:5070: result: yes
configure:5082: checking for generated/zookeeper.jute.h
configure:5095: result: yes
configure:5159: checking for gcc
configure:5175: found /usr/bin/gcc
configure:5186: result: gcc
configure:5415: checking for C compiler version
configure:5424: gcc --version >&5
gcc (Ubuntu/Linaro 4.6.3-1ubuntu5) 4.6.3
Copyright (C) 2011 Free Software Foundation, Inc.
This is free software; see the source for copying conditions.  There is NO
warranty; not even for MERCHANTABILITY or FITNESS FOR A PARTICULAR PURPOSE.

configure:5435: $? = 0
configure:5424: gcc -v >&5
Using built-in specs.
COLLECT_GCC=gcc
COLLECT_LTO_WRAPPER=/usr/lib/gcc/x86_64-linux-gnu/4.6/lto-wrapper
Target: x86_64-linux-gnu
Configured with: ../src/configure -v --with-pkgversion='Ubuntu/Linaro 4.6.3-1ubuntu5' --with-bugurl=file:///usr/share/doc/gcc-4.6/README.Bugs --enable-languages=c,c++,fortran,objc,obj-c++ --prefix=/usr --program-suffix=-4.6 --enable-shared --enable-linker-build-id --with-system-zlib --libexecdir=/usr/lib --without-included-gettext --enable-threads=posix --with-gxx-include-dir=/usr/include/c++/4.6 --libdir=/usr/lib --enable-nls --with-sysroot=/ --enable-clocale=gnu --enable-libstdcxx-debug --enable-libstdcxx-time=yes --enable-gnu-unique-object --enable-plugin --enable-objc-gc --disable-werror --with-arch-32=i686 --with-tune=generic --enable-checking=release --build=x86_64-linux-gnu --host=x86_64-linux-gnu --target=x86_64-linux-gnu
Thread model: posix
gcc version 4.6.3 (Ubuntu/Linaro 4.6.3-1ubuntu5) 
configure:5435: $? = 0
configure:5424: gcc -V >&5
gcc: error: unrecognized option '-V'
gcc: fatal error: no input files
compilation terminated.
configure:5435: $? = 4
configure:5424: gcc -qversion >&5
gcc: error: unrecognized option '-qversion'
gcc: fatal error: no input files
compilation terminated.
configure:5435: $? = 4
configure:5455: checking whether the C compiler works
configure:5477: gcc    conftest.c  >&5
configure:5481: $? = 0
configure:5529: result: yes
configure:5532: checking for C compiler default output file name
configure:5534: result: a.out
configure:5540: checking for suffix of executables
configure:5547: gcc -o conftest    conftest.c  >&5
configure:5551: $? = 0
configure:5573: result: 
configure:5595: checking whether we are cross compiling
configure:5603: gcc -o conftest    conftest.c  >&5
configure:5607: $? = 0
configure:5614: ./conftest
configure:5618: $? = 0
configure:5633: result: no
configure:5638: checking for suffix of object files
configure:5660: gcc -c   conftest.c >&5
configure:5664: $? = 0
configure:5685: result: o
configure:5689: checking whether we are using the GNU C compiler
configure:5708: gcc -c   conftest.c >&5
configure:5708: $? = 0
configure:5717: result: yes
configure:5726: checking whether gcc accepts -g
configure:5746: gcc -c -g  conftest.c >&5
configure:5746: $? = 0
configure:5787: result: yes
configure:5804: checking for gcc option to accept ISO C89
configure:5868: gcc  -c -g -O2  conftest.c >&5
configure:5868: $? = 0
configure:5881: result: none needed
configure:5912: checking for style of include used by make
configure:5940: result: GNU
configure:5966: checking dependency style of gcc
configure:6077: result: gcc3
configure:6093: checking whether gcc and cc understand -c and -o together
configure:6124: gcc -c conftest.c -o conftest2.o >&5
configure:6128: $? = 0
configure:6134: gcc -c conftest.c -o conftest2.o >&5
configure:6138: $? = 0
configure:6149: cc -c conftest.c >&5
configure:6153: $? = 0
configure:6161: cc -c conftest.c -o conftest2.o >&5
configure:6165: $? = 0
configure:6171: cc -c conftest.c -o conftest2.o >&5
configure:6175: $? = 0
configure:6193: result: yes
configure:6276: checking for g++
configure:6292: found /usr/bin/g++
configure:6303: result: g++
configure:6330: checking for C++ compiler version
configure:6339: g++ --version >&5
g++ (Ubuntu/Linaro 4.6.3-1ubuntu5) 4.6.3
Copyright (C) 2011 Free Software Foundation, Inc.
This is free software; see the source for copying conditions.  There is NO
warranty; not even for MERCHANTABILITY or FITNESS FOR A PARTICULAR PURPOSE.

configure:6350: $? = 0
configure:6339: g++ -v >&5
Using built-in specs.
COLLECT_GCC=g++
COLLECT_LTO_WRAPPER=/usr/lib/gcc/x86_64-linux-gnu/4.6/lto-wrapper
Target: x86_64-linux-gnu
Configured with: ../src/configure -v --with-pkgversion='Ubuntu/Linaro 4.6.3-1ubuntu5' --with-bugurl=file:///usr/share/doc/gcc-4.6/README.Bugs --enable-languages=c,c++,fortran,objc,obj-c++ --prefix=/usr --program-suffix=-4.6 --enable-shared --enable-linker-build-id --with-system-zlib --libexecdir=/usr/lib --without-included-gettext --enable-threads=posix --with-gxx-include-dir=/usr/include/c++/4.6 --libdir=/usr/lib --enable-nls --with-sysroot=/ --enable-clocale=gnu --enable-libstdcxx-debug --enable-libstdcxx-time=yes --enable-gnu-unique-object --enable-plugin --enable-objc-gc --disable-werror --with-arch-32=i686 --with-tune=generic --enable-checking=release --build=x86_64-linux-gnu --host=x86_64-linux-gnu --target=x86_64-linux-gnu
Thread model: posix
gcc version 4.6.3 (Ubuntu/Linaro 4.6.3-1ubuntu5) 
configure:6350: $? = 0
configure:6339: g++ -V >&5
g++: error: unrecognized option '-V'
g++: fatal error: no input files
compilation terminated.
configure:6350: $? = 4
configure:6339: g++ -qversion >&5
g++: error: unrecognized option '-qversion'
g++: fatal error: no input files
compilation terminated.
configure:6350: $? = 4
configure:6354: checking whether we are using the GNU C++ compiler
configure:6373: g++ -c   conftest.cpp >&5
configure:6373: $? = 0
configure:6382: result: yes
configure:6391: checking whether g++ accepts -g
configure:6411: g++ -c -g  conftest.cpp >&5
configure:6411: $? = 0
configure:6452: result: yes
configure:6477: checking dependency style of g++
configure:6588: result: gcc3
configure:6604: checking whether ln -s works
configure:6608: result: yes
configure:6646: checking build system type
configure:6660: result: x86_64-unknown-linux-gnu
configure:6680: checking host system type
configure:6693: result: x86_64-unknown-linux-gnu
configure:6734: checking how to print strings
configure:6761: result: printf
configure:6782: checking for a sed that does not truncate output
configure:6846: result: /bin/sed
configure:6864: checking for grep that handles long lines and -e
configure:6922: result: /bin/grep
configure:6927: checking for egrep
configure:6989: result: /bin/grep -E
configure:6994: checking for fgrep
configure:7056: result: /bin/grep -F
configure:7091: checking for ld used by gcc
configure:7158: result: /usr/bin/ld
configure:7165: checking if the linker (/usr/bin/ld) is GNU ld
configure:7180: result: yes
configure:7192: checking for BSD- or MS-compatible name lister (nm)
configure:7241: result: /usr/bin/nm -B
configure:7371: checking the name lister (/usr/bin/nm -B) interface
configure:7378: gcc -c -g -O2  conftest.c >&5
configure:7381: /usr/bin/nm -B "conftest.o"
configure:7384: output
0000000000000000 B some_variable
configure:7391: result: BSD nm
configure:7395: checking the maximum length of command line arguments
configure:7525: result: 1572864
configure:7542: checking whether the shell understands some XSI constructs
configure:7552: result: yes
configure:7556: checking whether the shell understands "+="
configure:7562: result: yes
configure:7597: checking how to convert x86_64-unknown-linux-gnu file names to x86_64-unknown-linux-gnu format
configure:7637: result: func_convert_file_noop
configure:7644: checking how to convert x86_64-unknown-linux-gnu file names to toolchain format
configure:7664: result: func_convert_file_noop
configure:7671: checking for /usr/bin/ld option to reload object files
configure:7678: result: -r
configure:7752: checking for objdump
configure:7768: found /usr/bin/objdump
configure:7779: result: objdump
configure:7811: checking how to recognize dependent libraries
configure:8013: result: pass_all
configure:8098: checking for dlltool
configure:8128: result: no
configure:8158: checking how to associate runtime and link libraries
configure:8185: result: printf %s\n
configure:8246: checking for ar
configure:8262: found /usr/bin/ar
configure:8273: result: ar
configure:8310: checking for archiver @FILE support
configure:8327: gcc -c -g -O2  conftest.c >&5
configure:8327: $? = 0
configure:8330: ar cru libconftest.a @conftest.lst >&5
configure:8333: $? = 0
configure:8338: ar cru libconftest.a @conftest.lst >&5
ar: conftest.o: No such file or directory
configure:8341: $? = 1
configure:8353: result: @
configure:8411: checking for strip
configure:8427: found /usr/bin/strip
configure:8438: result: strip
configure:8510: checking for ranlib
configure:8526: found /usr/bin/ranlib
configure:8537: result: ranlib
configure:8639: checking command to parse /usr/bin/nm -B output from gcc object
configure:8759: gcc -c -g -O2  conftest.c >&5
configure:8762: $? = 0
configure:8766: /usr/bin/nm -B conftest.o \| sed -n -e 's/^.*[ ]\([ABCDGIRSTW][ABCDGIRSTW]*\)[ ][ ]*\([_A-Za-z][_A-Za-z0-9]*\)$/\1 \2 \2/p' | sed '/ __gnu_lto/d' \> conftest.nm
configure:8769: $? = 0
configure:8835: gcc -o conftest -g -O2   conftest.c conftstm.o >&5
configure:8838: $? = 0
configure:8876: result: ok
configure:8913: checking for sysroot
configure:8943: result: no
configure:9020: gcc -c -g -O2  conftest.c >&5
configure:9023: $? = 0
configure:9199: checking for mt
configure:9215: found /bin/mt
configure:9226: result: mt
configure:9249: checking if mt is a manifest tool
configure:9255: mt '-?'
configure:9263: result: no
configure:9905: checking how to run the C preprocessor
configure:9936: gcc -E  conftest.c
configure:9936: $? = 0
configure:9950: gcc -E  conftest.c
conftest.c:13:28: fatal error: ac_nonexistent.h: No such file or directory
compilation terminated.
configure:9950: $? = 1
configure: failed program was:
| /* confdefs.h */
| #define PACKAGE_NAME "zookeeper C client"
| #define PACKAGE_TARNAME "zookeeper"
| #define PACKAGE_VERSION "3.4.6"
| #define PACKAGE_STRING "zookeeper C client 3.4.6"
| #define PACKAGE_BUGREPORT "user@zookeeper.apache.org"
| #define PACKAGE_URL ""
| #define PACKAGE "zookeeper"
| #define VERSION "3.4.6"
| #define HAVE_GENERATED_ZOOKEEPER_JUTE_C 1
| #define HAVE_GENERATED_ZOOKEEPER_JUTE_H 1
| /* end confdefs.h.  */
| #include <ac_nonexistent.h>
configure:9975: result: gcc -E
configure:9995: gcc -E  conftest.c
configure:9995: $? = 0
configure:10009: gcc -E  conftest.c
conftest.c:13:28: fatal error: ac_nonexistent.h: No such file or directory
compilation terminated.
configure:10009: $? = 1
configure: failed program was:
| /* confdefs.h */
| #define PACKAGE_NAME "zookeeper C client"
| #define PACKAGE_TARNAME "zookeeper"
| #define PACKAGE_VERSION "3.4.6"
| #define PACKAGE_STRING "zookeeper C client 3.4.6"
| #define PACKAGE_BUGREPORT "user@zookeeper.apache.org"
| #define PACKAGE_URL ""
| #define PACKAGE "zookeeper"
| #define VERSION "3.4.6"
| #define HAVE_GENERATED_ZOOKEEPER_JUTE_C 1
| #define HAVE_GENERATED_ZOOKEEPER_JUTE_H 1
| /* end confdefs.h.  */
| #include <ac_nonexistent.h>
configure:10038: checking for ANSI C header files
configure:10058: gcc -c -g -O2  conftest.c >&5
configure:10058: $? = 0
configure:10131: gcc -o conftest -g -O2   conftest.c  >&5
configure:10131: $? = 0
configure:10131: ./conftest
configure:10131: $? = 0
configure:10142: result: yes
configure:10155: checking for sys/types.h
configure:10155: gcc -c -g -O2  conftest.c >&5
configure:10155: $? = 0
configure:10155: result: yes
configure:10155: checking for sys/stat.h
configure:10155: gcc -c -g -O2  conftest.c >&5
configure:10155: $? = 0
configure:10155: result: yes
configure:10155: checking for stdlib.h
configure:10155: gcc -c -g -O2  conftest.c >&5
configure:10155: $? = 0
configure:10155: result: yes
configure:10155: checking for string.h
configure:10155: gcc -c -g -O2  conftest.c >&5
configure:10155: $? = 0
configure:10155: result: yes
configure:10155: checking for memory.h
configure:10155: gcc -c -g -O2  conftest.c >&5
configure:10155: $? = 0
configure:10155: result: yes
configure:10155: checking for strings.h
configure:10155: gcc -c -g -O2  conftest.c >&5
configure:10155: $? = 0
configure:10155: result: yes
configure:10155: checking for inttypes.h
configure:10155: gcc -c -g -O2  conftest.c >&5
configure:10155: $? = 0
configure:10155: result: yes
configure:10155: checking for stdint.h
configure:10155: gcc -c -g -O2  conftest.c >&5
configure:10155: $? = 0
configure:10155: result: yes
configure:10155: checking for unistd.h
configure:10155: gcc -c -g -O2  conftest.c >&5
configure:10155: $? = 0
configure:10155: result: yes
configure:10169: checking for dlfcn.h
configure:10169: gcc -c -g -O2  conftest.c >&5
configure:10169: $? = 0
configure:10169: result: yes
configure:10386: checking for objdir
configure:10401: result: .libs
configure:10668: checking if gcc supports -fno-rtti -fno-exceptions
configure:10686: gcc -c -g -O2  -fno-rtti -fno-exceptions conftest.c >&5
cc1: warning: command line option '-fno-rtti' is valid for C++/ObjC++ but not for C [enabled by default]
configure:10690: $? = 0
configure:10703: result: no
configure:11030: checking for gcc option to produce PIC
configure:11037: result: -fPIC -DPIC
configure:11045: checking if gcc PIC flag -fPIC -DPIC works
configure:11063: gcc -c -g -O2  -fPIC -DPIC -DPIC conftest.c >&5
configure:11067: $? = 0
configure:11080: result: yes
configure:11109: checking if gcc static flag -static works
configure:11137: result: yes
configure:11152: checking if gcc supports -c -o file.o
configure:11173: gcc -c -g -O2  -o out/conftest2.o conftest.c >&5
configure:11177: $? = 0
configure:11199: result: yes
configure:11207: checking if gcc supports -c -o file.o
configure:11254: result: yes
configure:11287: checking whether the gcc linker (/usr/bin/ld -m elf_x86_64) supports shared libraries
configure:12444: result: yes
configure:12481: checking whether -lc should be explicitly linked in
configure:12489: gcc -c -g -O2  conftest.c >&5
configure:12492: $? = 0
configure:12507: gcc -shared  -fPIC -DPIC conftest.o  -v -Wl,-soname -Wl,conftest -o conftest 2\>\&1 \| /bin/grep  -lc  \>/dev/null 2\>\&1
configure:12510: $? = 0
configure:12524: result: no
configure:12684: checking dynamic linker characteristics
configure:13195: gcc -o conftest -g -O2   -Wl,-rpath -Wl,/foo conftest.c  >&5
configure:13195: $? = 0
configure:13429: result: GNU/Linux ld.so
configure:13536: checking how to hardcode library paths into programs
configure:13561: result: immediate
configure:14101: checking whether stripping libraries is possible
configure:14106: result: yes
configure:14141: checking if libtool supports shared libraries
configure:14143: result: yes
configure:14146: checking whether to build shared libraries
configure:14167: result: yes
configure:14170: checking whether to build static libraries
configure:14174: result: yes
configure:14197: checking how to run the C++ preprocessor
configure:14224: g++ -E  conftest.cpp
configure:14224: $? = 0
configure:14238: g++ -E  conftest.cpp
conftest.cpp:25:28: fatal error: ac_nonexistent.h: No such file or directory
compilation terminated.
configure:14238: $? = 1
configure: failed program was:
| /* confdefs.h */
| #define PACKAGE_NAME "zookeeper C client"
| #define PACKAGE_TARNAME "zookeeper"
| #define PACKAGE_VERSION "3.4.6"
| #define PACKAGE_STRING "zookeeper C client 3.4.6"
| #define PACKAGE_BUGREPORT "user@zookeeper.apache.org"
| #define PACKAGE_URL ""
| #define PACKAGE "zookeeper"
| #define VERSION "3.4.6"
| #define HAVE_GENERATED_ZOOKEEPER_JUTE_C 1
| #define HAVE_GENERATED_ZOOKEEPER_JUTE_H 1
| #define STDC_HEADERS 1
| #define HAVE_SYS_TYPES_H 1
| #define HAVE_SYS_STAT_H 1
| #define HAVE_STDLIB_H 1
| #define HAVE_STRING_H 1
| #define HAVE_MEMORY_H 1
| #define HAVE_STRINGS_H 1
| #define HAVE_INTTYPES_H 1
| #define HAVE_STDINT_H 1
| #define HAVE_UNISTD_H 1
| #define HAVE_DLFCN_H 1
| #define LT_OBJDIR ".libs/"
| /* end confdefs.h.  */
| #include <ac_nonexistent.h>
configure:14263: result: g++ -E
configure:14283: g++ -E  conftest.cpp
configure:14283: $? = 0
configure:14297: g++ -E  conftest.cpp
conftest.cpp:25:28: fatal error: ac_nonexistent.h: No such file or directory
compilation terminated.
configure:14297: $? = 1
configure: failed program was:
| /* confdefs.h */
| #define PACKAGE_NAME "zookeeper C client"
| #define PACKAGE_TARNAME "zookeeper"
| #define PACKAGE_VERSION "3.4.6"
| #define PACKAGE_STRING "zookeeper C client 3.4.6"
| #define PACKAGE_BUGREPORT "user@zookeeper.apache.org"
| #define PACKAGE_URL ""
| #define PACKAGE "zookeeper"
| #define VERSION "3.4.6"
| #define HAVE_GENERATED_ZOOKEEPER_JUTE_C 1
| #define HAVE_GENERATED_ZOOKEEPER_JUTE_H 1
| #define STDC_HEADERS 1
| #define HAVE_SYS_TYPES_H 1
| #define HAVE_SYS_STAT_H 1
| #define HAVE_STDLIB_H 1
| #define HAVE_STRING_H 1
| #define HAVE_MEMORY_H 1
| #define HAVE_STRINGS_H 1
| #define HAVE_INTTYPES_H 1
| #define HAVE_STDINT_H 1
| #define HAVE_UNISTD_H 1
| #define HAVE_DLFCN_H 1
| #define LT_OBJDIR ".libs/"
| /* end confdefs.h.  */
| #include <ac_nonexistent.h>
configure:14466: checking for ld used by g++
configure:14533: result: /usr/bin/ld -m elf_x86_64
configure:14540: checking if the linker (/usr/bin/ld -m elf_x86_64) is GNU ld
configure:14555: result: yes
configure:14610: checking whether the g++ linker (/usr/bin/ld -m elf_x86_64) supports shared libraries
configure:15615: result: yes
configure:15651: g++ -c -g -O2  conftest.cpp >&5
configure:15654: $? = 0
configure:16174: checking for g++ option to produce PIC
configure:16181: result: -fPIC -DPIC
configure:16189: checking if g++ PIC flag -fPIC -DPIC works
configure:16207: g++ -c -g -O2  -fPIC -DPIC -DPIC conftest.cpp >&5
configure:16211: $? = 0
configure:16224: result: yes
configure:16247: checking if g++ static flag -static works
configure:16275: result: yes
configure:16287: checking if g++ supports -c -o file.o
configure:16308: g++ -c -g -O2  -o out/conftest2.o conftest.cpp >&5
configure:16312: $? = 0
configure:16334: result: yes
configure:16339: checking if g++ supports -c -o file.o
configure:16386: result: yes
configure:16416: checking whether the g++ linker (/usr/bin/ld -m elf_x86_64) supports shared libraries
configure:16455: result: yes
configure:16596: checking dynamic linker characteristics
configure:17275: result: GNU/Linux ld.so
configure:17328: checking how to hardcode library paths into programs
configure:17353: result: immediate
configure:17459: checking for pthread_mutex_lock in -lpthread
configure:17484: gcc -o conftest -g -O2 -D_GNU_SOURCE   conftest.c -lpthread   >&5
configure:17484: $? = 0
configure:17493: result: yes
configure:17508: building with SyncAPI support
configure:17525: checking for ANSI C header files
configure:17629: result: yes
configure:17640: checking arpa/inet.h usability
configure:17640: gcc -c -g -O2 -D_GNU_SOURCE  conftest.c >&5
configure:17640: $? = 0
configure:17640: result: yes
configure:17640: checking arpa/inet.h presence
configure:17640: gcc -E  conftest.c
configure:17640: $? = 0
configure:17640: result: yes
configure:17640: checking for arpa/inet.h
configure:17640: result: yes
configure:17640: checking fcntl.h usability
configure:17640: gcc -c -g -O2 -D_GNU_SOURCE  conftest.c >&5
configure:17640: $? = 0
configure:17640: result: yes
configure:17640: checking fcntl.h presence
configure:17640: gcc -E  conftest.c
configure:17640: $? = 0
configure:17640: result: yes
configure:17640: checking for fcntl.h
configure:17640: result: yes
configure:17640: checking netdb.h usability
configure:17640: gcc -c -g -O2 -D_GNU_SOURCE  conftest.c >&5
configure:17640: $? = 0
configure:17640: result: yes
configure:17640: checking netdb.h presence
configure:17640: gcc -E  conftest.c
configure:17640: $? = 0
configure:17640: result: yes
configure:17640: checking for netdb.h
configure:17640: result: yes
configure:17640: checking netinet/in.h usability
configure:17640: gcc -c -g -O2 -D_GNU_SOURCE  conftest.c >&5
configure:17640: $? = 0
configure:17640: result: yes
configure:17640: checking netinet/in.h presence
configure:17640: gcc -E  conftest.c
configure:17640: $? = 0
configure:17640: result: yes
configure:17640: checking for netinet/in.h
configure:17640: result: yes
configure:17640: checking for stdlib.h
configure:17640: result: yes
configure:17640: checking for string.h
configure:17640: result: yes
configure:17640: checking sys/socket.h usability
configure:17640: gcc -c -g -O2 -D_GNU_SOURCE  conftest.c >&5
configure:17640: $? = 0
configure:17640: result: yes
configure:17640: checking sys/socket.h presence
configure:17640: gcc -E  conftest.c
configure:17640: $? = 0
configure:17640: result: yes
configure:17640: checking for sys/socket.h
configure:17640: result: yes
configure:17640: checking sys/time.h usability
configure:17640: gcc -c -g -O2 -D_GNU_SOURCE  conftest.c >&5
configure:17640: $? = 0
configure:17640: result: yes
configure:17640: checking sys/time.h presence
configure:17640: gcc -E  conftest.c
configure:17640: $? = 0
configure:17640: result: yes
configure:17640: checking for sys/time.h
configure:17640: result: yes
configure:17640: checking for unistd.h
configure:17640: result: yes
configure:17640: checking sys/utsname.h usability
configure:17640: gcc -c -g -O2 -D_GNU_SOURCE  conftest.c >&5
configure:17640: $? = 0
configure:17640: result: yes
configure:17640: checking sys/utsname.h presence
configure:17640: gcc -E  conftest.c
configure:17640: $? = 0
configure:17640: result: yes
configure:17640: checking for sys/utsname.h
configure:17640: result: yes
configure:17652: checking for an ANSI C-conforming const
configure:17717: gcc -c -g -O2 -D_GNU_SOURCE  conftest.c >&5
configure:17717: $? = 0
configure:17724: result: yes
configure:17732: checking for inline
configure:17748: gcc -c -g -O2 -D_GNU_SOURCE  conftest.c >&5
configure:17748: $? = 0
configure:17756: result: inline
configure:17774: checking whether time.h and sys/time.h may both be included
configure:17794: gcc -c -g -O2 -D_GNU_SOURCE  conftest.c >&5
configure:17794: $? = 0
configure:17801: result: yes
configure:17809: checking for nfds_t
configure:17809: gcc -c -g -O2 -D_GNU_SOURCE  conftest.c >&5
configure:17809: $? = 0
configure:17809: gcc -c -g -O2 -D_GNU_SOURCE  conftest.c >&5
conftest.c: In function 'main':
conftest.c:42:21: error: expected expression before ')' token
configure:17809: $? = 1
configure: failed program was:
| /* confdefs.h */
| #define PACKAGE_NAME "zookeeper C client"
| #define PACKAGE_TARNAME "zookeeper"
| #define PACKAGE_VERSION "3.4.6"
| #define PACKAGE_STRING "zookeeper C client 3.4.6"
| #define PACKAGE_BUGREPORT "user@zookeeper.apache.org"
| #define PACKAGE_URL ""
| #define PACKAGE "zookeeper"
| #define VERSION "3.4.6"
| #define HAVE_GENERATED_ZOOKEEPER_JUTE_C 1
| #define HAVE_GENERATED_ZOOKEEPER_JUTE_H 1
| #define STDC_HEADERS 1
| #define HAVE_SYS_TYPES_H 1
| #define HAVE_SYS_STAT_H 1
| #define HAVE_STDLIB_H 1
| #define HAVE_STRING_H 1
| #define HAVE_MEMORY_H 1
| #define HAVE_STRINGS_H 1
| #define HAVE_INTTYPES_H 1
| #define HAVE_STDINT_H 1
| #define HAVE_UNISTD_H 1
| #define HAVE_DLFCN_H 1
| #define LT_OBJDIR ".libs/"
| #define STDC_HEADERS 1
| #define HAVE_ARPA_INET_H 1
| #define HAVE_FCNTL_H 1
| #define HAVE_NETDB_H 1
| #define HAVE_NETINET_IN_H 1
| #define HAVE_STDLIB_H 1
| #define HAVE_STRING_H 1
| #define HAVE_SYS_SOCKET_H 1
| #define HAVE_SYS_TIME_H 1
| #define HAVE_UNISTD_H 1
| #define HAVE_SYS_UTSNAME_H 1
| #define TIME_WITH_SYS_TIME 1
| /* end confdefs.h.  */
| #include <poll.h>
| 
| int
| main ()
| {
| if (sizeof ((nfds_t)))
| 	    return 0;
|   ;
|   return 0;
| }
configure:17809: result: yes
configure:17822: checking whether to enable ipv6
configure:17844: gcc -o conftest -g -O2 -D_GNU_SOURCE   conftest.c  >&5
conftest.c: In function 'main':
conftest.c:44:4: warning: incompatible implicit declaration of built-in function 'exit' [enabled by default]
configure:17844: $? = 0
configure:17844: ./conftest
configure:17844: $? = 0
configure:17845: result: yes
configure:17867: checking for getcwd
configure:17867: gcc -o conftest -g -O2 -D_GNU_SOURCE   conftest.c  >&5
configure:17867: $? = 0
configure:17867: result: yes
configure:17867: checking for gethostbyname
configure:17867: gcc -o conftest -g -O2 -D_GNU_SOURCE   conftest.c  >&5
configure:17867: $? = 0
configure:17867: result: yes
configure:17867: checking for gethostname
configure:17867: gcc -o conftest -g -O2 -D_GNU_SOURCE   conftest.c  >&5
configure:17867: $? = 0
configure:17867: result: yes
configure:17867: checking for getlogin
configure:17867: gcc -o conftest -g -O2 -D_GNU_SOURCE   conftest.c  >&5
configure:17867: $? = 0
configure:17867: result: yes
configure:17867: checking for getpwuid_r
configure:17867: gcc -o conftest -g -O2 -D_GNU_SOURCE   conftest.c  >&5
configure:17867: $? = 0
configure:17867: result: yes
configure:17867: checking for gettimeofday
configure:17867: gcc -o conftest -g -O2 -D_GNU_SOURCE   conftest.c  >&5
configure:17867: $? = 0
configure:17867: result: yes
configure:17867: checking for getuid
configure:17867: gcc -o conftest -g -O2 -D_GNU_SOURCE   conftest.c  >&5
configure:17867: $? = 0
configure:17867: result: yes
configure:17867: checking for memmove
configure:17867: gcc -o conftest -g -O2 -D_GNU_SOURCE   conftest.c  >&5
conftest.c:68:6: warning: conflicting types for built-in function 'memmove' [enabled by default]
configure:17867: $? = 0
configure:17867: result: yes
configure:17867: checking for memset
configure:17867: gcc -o conftest -g -O2 -D_GNU_SOURCE   conftest.c  >&5
conftest.c:69:6: warning: conflicting types for built-in function 'memset' [enabled by default]
configure:17867: $? = 0
configure:17867: result: yes
configure:17867: checking for poll
configure:17867: gcc -o conftest -g -O2 -D_GNU_SOURCE   conftest.c  >&5
configure:17867: $? = 0
configure:17867: result: yes
configure:17867: checking for socket
configure:17867: gcc -o conftest -g -O2 -D_GNU_SOURCE   conftest.c  >&5
configure:17867: $? = 0
configure:17867: result: yes
configure:17867: checking for strchr
configure:17867: gcc -o conftest -g -O2 -D_GNU_SOURCE   conftest.c  >&5
conftest.c:72:6: warning: conflicting types for built-in function 'strchr' [enabled by default]
configure:17867: $? = 0
configure:17867: result: yes
configure:17867: checking for strdup
configure:17867: gcc -o conftest -g -O2 -D_GNU_SOURCE   conftest.c  >&5
conftest.c:73:6: warning: conflicting types for built-in function 'strdup' [enabled by default]
configure:17867: $? = 0
configure:17867: result: yes
configure:17867: checking for strerror
configure:17867: gcc -o conftest -g -O2 -D_GNU_SOURCE   conftest.c  >&5
configure:17867: $? = 0
configure:17867: result: yes
configure:17867: checking for strtol
configure:17867: gcc -o conftest -g -O2 -D_GNU_SOURCE   conftest.c  >&5
configure:17867: $? = 0
configure:17867: result: yes
configure:18105: creating ./config.status

## ---------------------- ##
## Running config.status. ##
## ---------------------- ##

This file was extended by zookeeper C client config.status 3.4.6, which was
generated by GNU Autoconf 2.68.  Invocation command line was

  CONFIG_FILES    = 
  CONFIG_HEADERS  = 
  CONFIG_LINKS    = 
  CONFIG_COMMANDS = 
  $ ./config.status 

on freedom

config.status:1234: creating Makefile
config.status:1234: creating config.h
config.status:1415: config.h is unchanged
config.status:1463: executing depfiles commands
config.status:1463: executing libtool commands

## ---------------- ##
## Cache variables. ##
## ---------------- ##

ac_cv_build=x86_64-unknown-linux-gnu
ac_cv_c_compiler_gnu=yes
ac_cv_c_const=yes
ac_cv_c_inline=inline
ac_cv_cxx_compiler_gnu=yes
ac_cv_env_CCC_set=
ac_cv_env_CCC_value=
ac_cv_env_CC_set=
ac_cv_env_CC_value=
ac_cv_env_CFLAGS_set=
ac_cv_env_CFLAGS_value=
ac_cv_env_CPPFLAGS_set=
ac_cv_env_CPPFLAGS_value=
ac_cv_env_CPP_set=
ac_cv_env_CPP_value=
ac_cv_env_CXXCPP_set=
ac_cv_env_CXXCPP_value=
ac_cv_env_CXXFLAGS_set=
ac_cv_env_CXXFLAGS_value=
ac_cv_env_CXX_set=
ac_cv_env_CXX_value=
ac_cv_env_DOXYGEN_PAPER_SIZE_set=
ac_cv_env_DOXYGEN_PAPER_SIZE_value=
ac_cv_env_LDFLAGS_set=
ac_cv_env_LDFLAGS_value=
ac_cv_env_LIBS_set=
ac_cv_env_LIBS_value=
ac_cv_env_build_alias_set=
ac_cv_env_build_alias_value=
ac_cv_env_host_alias_set=
ac_cv_env_host_alias_value=
ac_cv_env_target_alias_set=
ac_cv_env_target_alias_value=
ac_cv_file_generated_zookeeper_jute_c=yes
ac_cv_file_generated_zookeeper_jute_h=yes
ac_cv_func_getcwd=yes
ac_cv_func_gethostbyname=yes
ac_cv_func_gethostname=yes
ac_cv_func_getlogin=yes
ac_cv_func_getpwuid_r=yes
ac_cv_func_gettimeofday=yes
ac_cv_func_getuid=yes
ac_cv_func_memmove=yes
ac_cv_func_memset=yes
ac_cv_func_poll=yes
ac_cv_func_socket=yes
ac_cv_func_strchr=yes
ac_cv_func_strdup=yes
ac_cv_func_strerror=yes
ac_cv_func_strtol=yes
ac_cv_header_arpa_inet_h=yes
ac_cv_header_dlfcn_h=yes
ac_cv_header_fcntl_h=yes
ac_cv_header_inttypes_h=yes
ac_cv_header_memory_h=yes
ac_cv_header_netdb_h=yes
ac_cv_header_netinet_in_h=yes
ac_cv_header_stdc=yes
ac_cv_header_stdint_h=yes
ac_cv_header_stdlib_h=yes
ac_cv_header_string_h=yes
ac_cv_header_strings_h=yes
ac_cv_header_sys_socket_h=yes
ac_cv_header_sys_stat_h=yes
ac_cv_header_sys_time_h=yes
ac_cv_header_sys_types_h=yes
ac_cv_header_sys_utsname_h=yes
ac_cv_header_time=yes
ac_cv_header_unistd_h=yes
ac_cv_host=x86_64-unknown-linux-gnu
ac_cv_lib_pthread_pthread_mutex_lock=yes
ac_cv_objext=o
ac_cv_path_CPPUNIT_CONFIG=/usr/bin/cppunit-config
ac_cv_path_EGREP='/bin/grep -E'
ac_cv_path_FGREP='/bin/grep -F'
ac_cv_path_GREP=/bin/grep
ac_cv_path_SED=/bin/sed
ac_cv_path_ac_pt_DX_DOT=/usr/bin/dot
ac_cv_path_ac_pt_DX_PERL=/usr/bin/perl
ac_cv_path_install='/usr/bin/install -c'
ac_cv_path_mkdir=/bin/mkdir
ac_cv_prog_AWK=gawk
ac_cv_prog_CPP='gcc -E'
ac_cv_prog_CXXCPP='g++ -E'
ac_cv_prog_ac_ct_AR=ar
ac_cv_prog_ac_ct_CC=gcc
ac_cv_prog_ac_ct_CXX=g++
ac_cv_prog_ac_ct_MANIFEST_TOOL=mt
ac_cv_prog_ac_ct_OBJDUMP=objdump
ac_cv_prog_ac_ct_RANLIB=ranlib
ac_cv_prog_ac_ct_STRIP=strip
ac_cv_prog_cc_c89=
ac_cv_prog_cc_g=yes
ac_cv_prog_cc_gcc_c_o=yes
ac_cv_prog_cxx_g=yes
ac_cv_prog_make_make_set=yes
ac_cv_type_nfds_t=yes
am_cv_CC_dependencies_compiler_type=gcc3
am_cv_CXX_dependencies_compiler_type=gcc3
lt_cv_ar_at_file=@
lt_cv_archive_cmds_need_lc=no
lt_cv_deplibs_check_method=pass_all
lt_cv_file_magic_cmd='$MAGIC_CMD'
lt_cv_file_magic_test_file=
lt_cv_ld_reload_flag=-r
lt_cv_nm_interface='BSD nm'
lt_cv_objdir=.libs
lt_cv_path_LD=/usr/bin/ld
lt_cv_path_LDCXX='/usr/bin/ld -m elf_x86_64'
lt_cv_path_NM='/usr/bin/nm -B'
lt_cv_path_mainfest_tool=no
lt_cv_prog_compiler_c_o=yes
lt_cv_prog_compiler_c_o_CXX=yes
lt_cv_prog_compiler_pic='-fPIC -DPIC'
lt_cv_prog_compiler_pic_CXX='-fPIC -DPIC'
lt_cv_prog_compiler_pic_works=yes
lt_cv_prog_compiler_pic_works_CXX=yes
lt_cv_prog_compiler_rtti_exceptions=no
lt_cv_prog_compiler_static_works=yes
lt_cv_prog_compiler_static_works_CXX=yes
lt_cv_prog_gnu_ld=yes
lt_cv_prog_gnu_ldcxx=yes
lt_cv_sharedlib_from_linklib_cmd='printf %s\n'
lt_cv_shlibpath_overrides_runpath=no
lt_cv_sys_global_symbol_pipe='sed -n -e '\''s/^.*[	 ]\([ABCDGIRSTW][ABCDGIRSTW]*\)[	 ][	 ]*\([_A-Za-z][_A-Za-z0-9]*\)$/\1 \2 \2/p'\'' | sed '\''/ __gnu_lto/d'\'''
lt_cv_sys_global_symbol_to_c_name_address='sed -n -e '\''s/^: \([^ ]*\)[ ]*$/  {\"\1\", (void *) 0},/p'\'' -e '\''s/^[ABCDGIRSTW]* \([^ ]*\) \([^ ]*\)$/  {"\2", (void *) \&\2},/p'\'''
lt_cv_sys_global_symbol_to_c_name_address_lib_prefix='sed -n -e '\''s/^: \([^ ]*\)[ ]*$/  {\"\1\", (void *) 0},/p'\'' -e '\''s/^[ABCDGIRSTW]* \([^ ]*\) \(lib[^ ]*\)$/  {"\2", (void *) \&\2},/p'\'' -e '\''s/^[ABCDGIRSTW]* \([^ ]*\) \([^ ]*\)$/  {"lib\2", (void *) \&\2},/p'\'''
lt_cv_sys_global_symbol_to_cdecl='sed -n -e '\''s/^T .* \(.*\)$/extern int \1();/p'\'' -e '\''s/^[ABCDGIRSTW]* .* \(.*\)$/extern char \1;/p'\'''
lt_cv_sys_max_cmd_len=1572864
lt_cv_to_host_file_cmd=func_convert_file_noop
lt_cv_to_tool_file_cmd=func_convert_file_noop

## ----------------- ##
## Output variables. ##
## ----------------- ##

ACLOCAL='${SHELL} /home/pramod/workspace/zookeeper/src/c/missing --run aclocal-1.11'
AMDEPBACKSLASH='\'
AMDEP_FALSE='#'
AMDEP_TRUE=''
AMTAR='$${TAR-tar}'
AR='ar'
AUTOCONF='${SHELL} /home/pramod/workspace/zookeeper/src/c/missing --run autoconf'
AUTOHEADER='${SHELL} /home/pramod/workspace/zookeeper/src/c/missing --run autoheader'
AUTOMAKE='${SHELL} /home/pramod/workspace/zookeeper/src/c/missing --run automake-1.11'
AWK='gawk'
CC='gcc'
CCDEPMODE='depmode=gcc3'
CFLAGS='-g -O2 -D_GNU_SOURCE'
CPP='gcc -E'
CPPFLAGS=''
CPPUNIT_CFLAGS=' -DZKSERVER_CMD="\"./tests/zkServer.sh\""'
CPPUNIT_CONFIG='/usr/bin/cppunit-config'
CPPUNIT_LIBS='-lcppunit -ldl'
CXX='g++'
CXXCPP='g++ -E'
CXXDEPMODE='depmode=gcc3'
CXXFLAGS='-g -O2'
CYGPATH_W='echo'
DEFS='-DHAVE_CONFIG_H'
DEPDIR='.deps'
DLLTOOL='false'
DOXYGEN_PAPER_SIZE=''
DSYMUTIL=''
DUMPBIN=''
DX_COND_chi_FALSE=''
DX_COND_chi_TRUE='#'
DX_COND_chm_FALSE=''
DX_COND_chm_TRUE='#'
DX_COND_doc_FALSE='#'
DX_COND_doc_TRUE=''
DX_COND_dot_FALSE='#'
DX_COND_dot_TRUE=''
DX_COND_html_FALSE='#'
DX_COND_html_TRUE=''
DX_COND_latex_FALSE=''
DX_COND_latex_TRUE='#'
DX_COND_man_FALSE=''
DX_COND_man_TRUE='#'
DX_COND_pdf_FALSE=''
DX_COND_pdf_TRUE='#'
DX_COND_ps_FALSE=''
DX_COND_ps_TRUE='#'
DX_COND_rtf_FALSE=''
DX_COND_rtf_TRUE='#'
DX_COND_xml_FALSE=''
DX_COND_xml_TRUE='#'
DX_CONFIG='c-doc.Doxyfile'
DX_DOCDIR='docs'
DX_DOT='/usr/bin/dot'
DX_DOXYGEN=''
DX_DVIPS=''
DX_EGREP=''
DX_ENV=' SRCDIR='\''.'\'' PROJECT='\''zookeeper'\'' DOCDIR='\''docs'\'' VERSION='\''3.4.6'\'' PERL_PATH='\''/usr/bin/perl'\'' HAVE_DOT='\''YES'\'' DOT_PATH='\''/usr/bin'\'' GENERATE_MAN='\''NO'\'' GENERATE_RTF='\''NO'\'' GENERATE_XML='\''NO'\'' GENERATE_HTMLHELP='\''NO'\'' GENERATE_CHI='\''NO'\'' GENERATE_HTML='\''YES'\'' GENERATE_LATEX='\''NO'\'''
DX_FLAG_chi='0'
DX_FLAG_chm='0'
DX_FLAG_doc='1'
DX_FLAG_dot='1'
DX_FLAG_html='1'
DX_FLAG_man='0'
DX_FLAG_pdf='0'
DX_FLAG_ps='0'
DX_FLAG_rtf='0'
DX_FLAG_xml='0'
DX_HHC=''
DX_LATEX=''
DX_MAKEINDEX=''
DX_PDFLATEX=''
DX_PERL='/usr/bin/perl'
DX_PROJECT='zookeeper'
ECHO_C=''
ECHO_N='-n'
ECHO_T=''
EGREP='/bin/grep -E'
EXEEXT=''
FGREP='/bin/grep -F'
GREP='/bin/grep'
INSTALL_DATA='${INSTALL} -m 644'
INSTALL_PROGRAM='${INSTALL}'
INSTALL_SCRIPT='${INSTALL}'
INSTALL_STRIP_PROGRAM='$(install_sh) -c -s'
LD='/usr/bin/ld -m elf_x86_64'
LDFLAGS=''
LIBOBJS=''
LIBS=''
LIBTOOL='$(SHELL) $(top_builddir)/libtool'
LIPO=''
LN_S='ln -s'
LTLIBOBJS=''
MAKEINFO='${SHELL} /home/pramod/workspace/zookeeper/src/c/missing --run makeinfo'
MANIFEST_TOOL=':'
MKDIR_P='/bin/mkdir -p'
NM='/usr/bin/nm -B'
NMEDIT=''
OBJDUMP='objdump'
OBJEXT='o'
OTOOL64=''
OTOOL=''
PACKAGE='zookeeper'
PACKAGE_BUGREPORT='user@zookeeper.apache.org'
PACKAGE_NAME='zookeeper C client'
PACKAGE_STRING='zookeeper C client 3.4.6'
PACKAGE_TARNAME='zookeeper'
PACKAGE_URL=''
PACKAGE_VERSION='3.4.6'
PATH_SEPARATOR=':'
RANLIB='ranlib'
SED='/bin/sed'
SET_MAKE=''
SHELL='/bin/bash'
STRIP='strip'
USEIPV6='-DZOO_IPV6_ENABLED'
VERSION='3.4.6'
WANT_SYNCAPI_FALSE='#'
WANT_SYNCAPI_TRUE=''
ac_ct_AR='ar'
ac_ct_CC='gcc'
ac_ct_CXX='g++'
ac_ct_DUMPBIN=''
am__EXEEXT_FALSE=''
am__EXEEXT_TRUE='#'
am__fastdepCC_FALSE='#'
am__fastdepCC_TRUE=''
am__fastdepCXX_FALSE='#'
am__fastdepCXX_TRUE=''
am__include='include'
am__isrc=''
am__leading_dot='.'
am__nodep='_no'
am__quote=''
am__tar='$${TAR-tar} chof - "$$tardir"'
am__untar='$${TAR-tar} xf -'
bindir='${exec_prefix}/bin'
build='x86_64-unknown-linux-gnu'
build_alias=''
build_cpu='x86_64'
build_os='linux-gnu'
build_vendor='unknown'
datadir='${datarootdir}'
datarootdir='${prefix}/share'
docdir='${datarootdir}/doc/${PACKAGE_TARNAME}'
dvidir='${docdir}'
exec_prefix='${prefix}'
host='x86_64-unknown-linux-gnu'
host_alias=''
host_cpu='x86_64'
host_os='linux-gnu'
host_vendor='unknown'
htmldir='${docdir}'
includedir='${prefix}/include'
infodir='${datarootdir}/info'
install_sh='${SHELL} /home/pramod/workspace/zookeeper/src/c/install-sh'
libdir='${exec_prefix}/lib'
libexecdir='${exec_prefix}/libexec'
localedir='${datarootdir}/locale'
localstatedir='${prefix}/var'
mandir='${datarootdir}/man'
mkdir_p='/bin/mkdir -p'
oldincludedir='/usr/include'
pdfdir='${docdir}'
prefix='/usr/local/zookeeper'
program_transform_name='s,x,x,'
psdir='${docdir}'
sbindir='${exec_prefix}/sbin'
sharedstatedir='${prefix}/com'
sysconfdir='${prefix}/etc'
target_alias=''

## ----------- ##
## confdefs.h. ##
## ----------- ##

/* confdefs.h */
#define PACKAGE_NAME "zookeeper C client"
#define PACKAGE_TARNAME "zookeeper"
#define PACKAGE_VERSION "3.4.6"
#define PACKAGE_STRING "zookeeper C client 3.4.6"
#define PACKAGE_BUGREPORT "user@zookeeper.apache.org"
#define PACKAGE_URL ""
#define PACKAGE "zookeeper"
#define VERSION "3.4.6"
#define HAVE_GENERATED_ZOOKEEPER_JUTE_C 1
#define HAVE_GENERATED_ZOOKEEPER_JUTE_H 1
#define STDC_HEADERS 1
#define HAVE_SYS_TYPES_H 1
#define HAVE_SYS_STAT_H 1
#define HAVE_STDLIB_H 1
#define HAVE_STRING_H 1
#define HAVE_MEMORY_H 1
#define HAVE_STRINGS_H 1
#define HAVE_INTTYPES_H 1
#define HAVE_STDINT_H 1
#define HAVE_UNISTD_H 1
#define HAVE_DLFCN_H 1
#define LT_OBJDIR ".libs/"
#define STDC_HEADERS 1
#define HAVE_ARPA_INET_H 1
#define HAVE_FCNTL_H 1
#define HAVE_NETDB_H 1
#define HAVE_NETINET_IN_H 1
#define HAVE_STDLIB_H 1
#define HAVE_STRING_H 1
#define HAVE_SYS_SOCKET_H 1
#define HAVE_SYS_TIME_H 1
#define HAVE_UNISTD_H 1
#define HAVE_SYS_UTSNAME_H 1
#define TIME_WITH_SYS_TIME 1
#define POLL_NFDS_TYPE nfds_t
#define HAVE_GETCWD 1
#define HAVE_GETHOSTBYNAME 1
#define HAVE_GETHOSTNAME 1
#define HAVE_GETLOGIN 1
#define HAVE_GETPWUID_R 1
#define HAVE_GETTIMEOFDAY 1
#define HAVE_GETUID 1
#define HAVE_MEMMOVE 1
#define HAVE_MEMSET 1
#define HAVE_POLL 1
#define HAVE_SOCKET 1
#define HAVE_STRCHR 1
#define HAVE_STRDUP 1
#define HAVE_STRERROR 1
#define HAVE_STRTOL 1

configure: exit 0
